1511386433399	geckodriver	INFO	geckodriver 0.19.1
1511386433409	geckodriver	INFO	Listening on 127.0.0.1:51363
1511386435419	mozrunner::runner	INFO	Running command: "C:\\Program Files (x86)\\Mozilla Firefox\\firefox.exe" "-marionette" "-profile" "C:\\Users\\pardhiva\\AppData\\Local\\Temp\\rust_mozprofile.ynSG5lSvicJU"
1511386435576	addons.manager	DEBUG	Application has been upgraded
1511386435594	addons.manager	DEBUG	Loaded provider scope for resource://gre/modules/addons/XPIProvider.jsm: ["XPIProvider", "XPIInternal"]
1511386435596	addons.manager	DEBUG	Loaded provider scope for resource://gre/modules/LightweightThemeManager.jsm: ["LightweightThemeManager"]
1511386435613	addons.manager	DEBUG	Loaded provider scope for resource://gre/modules/addons/GMPProvider.jsm
1511386435615	addons.manager	DEBUG	Loaded provider scope for resource://gre/modules/addons/PluginProvider.jsm
1511386435616	addons.manager	DEBUG	Starting provider: XPIProvider
1511386435616	addons.xpi	DEBUG	startup
1511386435616	addons.xpi	INFO	SystemAddonInstallLocation directory is missing
1511386435616	addons.xpi	INFO	Removing all system add-on upgrades.
1511386435617	addons.xpi	DEBUG	checkForChanges
1511386435617	addons.xpi	DEBUG	Loaded add-on state: ${}
1511386435618	addons.xpi	INFO	Mapping activity-stream@mozilla.org to C:\Program Files (x86)\Mozilla Firefox\browser\features\activity-stream@mozilla.org.xpi
1511386435618	addons.xpi	INFO	Mapping aushelper@mozilla.org to C:\Program Files (x86)\Mozilla Firefox\browser\features\aushelper@mozilla.org.xpi
1511386435618	addons.xpi	INFO	Mapping e10srollout@mozilla.org to C:\Program Files (x86)\Mozilla Firefox\browser\features\e10srollout@mozilla.org.xpi
1511386435618	addons.xpi	INFO	Mapping firefox@getpocket.com to C:\Program Files (x86)\Mozilla Firefox\browser\features\firefox@getpocket.com.xpi
1511386435618	addons.xpi	INFO	Mapping followonsearch@mozilla.com to C:\Program Files (x86)\Mozilla Firefox\browser\features\followonsearch@mozilla.com.xpi
1511386435618	addons.xpi	INFO	Mapping formautofill@mozilla.org to C:\Program Files (x86)\Mozilla Firefox\browser\features\formautofill@mozilla.org.xpi
1511386435618	addons.xpi	INFO	Mapping onboarding@mozilla.org to C:\Program Files (x86)\Mozilla Firefox\browser\features\onboarding@mozilla.org.xpi
1511386435619	addons.xpi	INFO	Mapping screenshots@mozilla.org to C:\Program Files (x86)\Mozilla Firefox\browser\features\screenshots@mozilla.org.xpi
1511386435619	addons.xpi	INFO	Mapping shield-recipe-client@mozilla.org to C:\Program Files (x86)\Mozilla Firefox\browser\features\shield-recipe-client@mozilla.org.xpi
1511386435619	addons.xpi	INFO	Mapping webcompat@mozilla.org to C:\Program Files (x86)\Mozilla Firefox\browser\features\webcompat@mozilla.org.xpi
1511386435619	addons.xpi	DEBUG	New add-on activity-stream@mozilla.org in app-system-defaults
1511386435620	addons.xpi	INFO	Mapping activity-stream@mozilla.org to C:\Program Files (x86)\Mozilla Firefox\browser\features\activity-stream@mozilla.org.xpi
1511386435620	addons.xpi	DEBUG	New add-on aushelper@mozilla.org in app-system-defaults
1511386435621	addons.xpi	INFO	Mapping aushelper@mozilla.org to C:\Program Files (x86)\Mozilla Firefox\browser\features\aushelper@mozilla.org.xpi
1511386435621	addons.xpi	DEBUG	New add-on e10srollout@mozilla.org in app-system-defaults
1511386435621	addons.xpi	INFO	Mapping e10srollout@mozilla.org to C:\Program Files (x86)\Mozilla Firefox\browser\features\e10srollout@mozilla.org.xpi
1511386435622	addons.xpi	DEBUG	New add-on firefox@getpocket.com in app-system-defaults
1511386435622	addons.xpi	INFO	Mapping firefox@getpocket.com to C:\Program Files (x86)\Mozilla Firefox\browser\features\firefox@getpocket.com.xpi
1511386435622	addons.xpi	DEBUG	New add-on followonsearch@mozilla.com in app-system-defaults
1511386435622	addons.xpi	INFO	Mapping followonsearch@mozilla.com to C:\Program Files (x86)\Mozilla Firefox\browser\features\followonsearch@mozilla.com.xpi
1511386435623	addons.xpi	DEBUG	New add-on formautofill@mozilla.org in app-system-defaults
1511386435623	addons.xpi	INFO	Mapping formautofill@mozilla.org to C:\Program Files (x86)\Mozilla Firefox\browser\features\formautofill@mozilla.org.xpi
1511386435623	addons.xpi	DEBUG	New add-on onboarding@mozilla.org in app-system-defaults
1511386435623	addons.xpi	INFO	Mapping onboarding@mozilla.org to C:\Program Files (x86)\Mozilla Firefox\browser\features\onboarding@mozilla.org.xpi
1511386435623	addons.xpi	DEBUG	New add-on screenshots@mozilla.org in app-system-defaults
1511386435623	addons.xpi	INFO	Mapping screenshots@mozilla.org to C:\Program Files (x86)\Mozilla Firefox\browser\features\screenshots@mozilla.org.xpi
1511386435624	addons.xpi	DEBUG	New add-on shield-recipe-client@mozilla.org in app-system-defaults
1511386435624	addons.xpi	INFO	Mapping shield-recipe-client@mozilla.org to C:\Program Files (x86)\Mozilla Firefox\browser\features\shield-recipe-client@mozilla.org.xpi
1511386435624	addons.xpi	DEBUG	New add-on webcompat@mozilla.org in app-system-defaults
1511386435624	addons.xpi	INFO	Mapping webcompat@mozilla.org to C:\Program Files (x86)\Mozilla Firefox\browser\features\webcompat@mozilla.org.xpi
1511386435624	addons.xpi	INFO	Mapping {972ce4c6-7e08-4474-a285-3208198ce6fd} to C:\Program Files (x86)\Mozilla Firefox\browser\extensions\{972ce4c6-7e08-4474-a285-3208198ce6fd}.xpi
1511386435625	addons.xpi	DEBUG	New add-on {972ce4c6-7e08-4474-a285-3208198ce6fd} in app-global
1511386435625	addons.xpi	INFO	Mapping {972ce4c6-7e08-4474-a285-3208198ce6fd} to C:\Program Files (x86)\Mozilla Firefox\browser\extensions\{972ce4c6-7e08-4474-a285-3208198ce6fd}.xpi
1511386435625	addons.xpi	DEBUG	getInstallState changed: true, state: {}
1511386435626	addons.xpi	INFO	SystemAddonInstallLocation directory is missing
1511386435630	addons.xpi-utils	DEBUG	Opening XPI database C:\Users\pardhiva\AppData\Local\Temp\rust_mozprofile.ynSG5lSvicJU\extensions.json
1511386435632	addons.xpi-utils	DEBUG	New add-on activity-stream@mozilla.org installed in app-system-defaults
*** Blocklist::_loadBlocklistFromFile: blocklist is disabled
1511386435649	DeferredSave.extensions.json	DEBUG	Save changes
1511386435651	addons.xpi-utils	DEBUG	New add-on aushelper@mozilla.org installed in app-system-defaults
1511386435652	DeferredSave.extensions.json	DEBUG	Starting timer
1511386435654	DeferredSave.extensions.json	DEBUG	Save changes
1511386435654	addons.xpi-utils	DEBUG	New add-on e10srollout@mozilla.org installed in app-system-defaults
1511386435658	DeferredSave.extensions.json	DEBUG	Save changes
1511386435658	addons.xpi-utils	DEBUG	New add-on firefox@getpocket.com installed in app-system-defaults
1511386435662	DeferredSave.extensions.json	DEBUG	Save changes
1511386435662	addons.xpi-utils	DEBUG	New add-on followonsearch@mozilla.com installed in app-system-defaults
1511386435664	DeferredSave.extensions.json	DEBUG	Save changes
1511386435664	addons.xpi-utils	DEBUG	New add-on formautofill@mozilla.org installed in app-system-defaults
1511386435667	DeferredSave.extensions.json	DEBUG	Save changes
1511386435667	addons.xpi-utils	DEBUG	New add-on onboarding@mozilla.org installed in app-system-defaults
1511386435670	DeferredSave.extensions.json	DEBUG	Save changes
1511386435670	addons.xpi-utils	DEBUG	New add-on screenshots@mozilla.org installed in app-system-defaults
1511386435675	DeferredSave.extensions.json	DEBUG	Save changes
1511386435675	addons.xpi-utils	DEBUG	New add-on shield-recipe-client@mozilla.org installed in app-system-defaults
1511386435677	DeferredSave.extensions.json	DEBUG	Save changes
1511386435677	addons.xpi-utils	DEBUG	New add-on webcompat@mozilla.org installed in app-system-defaults
1511386435679	DeferredSave.extensions.json	DEBUG	Save changes
1511386435680	addons.xpi-utils	DEBUG	New add-on {972ce4c6-7e08-4474-a285-3208198ce6fd} installed in app-global
1511386435683	DeferredSave.extensions.json	DEBUG	Save changes
1511386435684	addons.manager	DEBUG	Registering startup change 'installed' for activity-stream@mozilla.org
1511386435690	addons.xpi	DEBUG	Loading bootstrap scope from C:\Program Files (x86)\Mozilla Firefox\browser\features\activity-stream@mozilla.org.xpi
1511386435692	addons.xpi	DEBUG	Calling bootstrap method install on activity-stream@mozilla.org version 2017.11.07.1100-7f4e3634
1511386435692	addons.xpi-utils	DEBUG	Make addon app-system-defaults:activity-stream@mozilla.org visible
1511386435692	addons.xpi	DEBUG	Updating XPIState for {"id":"activity-stream@mozilla.org","syncGUID":"{67efb7dc-5db6-4df2-a4d0-4ccd88e4ec14}","location":"app-system-defaults","version":"2017.11.07.1100-7f4e3634","type":"extension","internalName":null,"updateURL":null,"updateKey":null,"optionsURL":null,"optionsType":null,"aboutURL":null,"defaultLocale":{"name":"Activity Stream","description":"A rich visual history feed and a reimagined home page make it easier than ever to find exactly what you're looking for in Firefox.","creator":null,"homepageURL":null},"visible":true,"active":false,"userDisabled":false,"appDisabled":false,"installDate":1511314999417,"updateDate":1511314999417,"applyBackgroundUpdates":1,"bootstrap":true,"path":"C:\\Program Files (x86)\\Mozilla Firefox\\browser\\features\\activity-stream@mozilla.org.xpi","skinnable":false,"size":1423180,"sourceURI":null,"releaseNotesURI":null,"softDisabled":false,"foreignInstall":false,"hasBinaryComponents":false,"strictCompatibility":false,"locales":[],"targetApplications":[{"id":"{ec8030f7-c20a-464f-9b0e-13a3a9e97384}","minVersion":"57.0","maxVersion":"57.*"}],"targetPlatforms":[],"multiprocessCompatible":true,"seen":true,"dependencies":[],"hasEmbeddedWebExtension":false,"mpcOptedOut":false,"userPermissions":null,"icons":{},"iconURL":null,"icon64URL":null,"blocklistState":0,"blocklistURL":null}
1511386435694	DeferredSave.extensions.json	DEBUG	Save changes
1511386435694	addons.manager	DEBUG	Registering startup change 'installed' for aushelper@mozilla.org
1511386435694	addons.xpi	DEBUG	Loading bootstrap scope from C:\Program Files (x86)\Mozilla Firefox\browser\features\aushelper@mozilla.org.xpi
1511386435696	addons.xpi	DEBUG	Calling bootstrap method install on aushelper@mozilla.org version 2.0
1511386435696	addons.xpi-utils	DEBUG	Make addon app-system-defaults:aushelper@mozilla.org visible
1511386435696	addons.xpi	DEBUG	Updating XPIState for {"id":"aushelper@mozilla.org","syncGUID":"{e210c910-9b0c-4d72-8c39-465a93c224a3}","location":"app-system-defaults","version":"2.0","type":"extension","internalName":null,"updateURL":null,"updateKey":null,"optionsURL":null,"optionsType":null,"aboutURL":null,"defaultLocale":{"name":"Application Update Service Helper","description":"Sets value(s) in the update url based on custom checks.","creator":null,"homepageURL":null},"visible":true,"active":false,"userDisabled":false,"appDisabled":false,"installDate":1511314999246,"updateDate":1511314999246,"applyBackgroundUpdates":1,"bootstrap":true,"path":"C:\\Program Files (x86)\\Mozilla Firefox\\browser\\features\\aushelper@mozilla.org.xpi","skinnable":false,"size":8486,"sourceURI":null,"releaseNotesURI":null,"softDisabled":false,"foreignInstall":false,"hasBinaryComponents":false,"strictCompatibility":false,"locales":[],"targetApplications":[{"id":"{ec8030f7-c20a-464f-9b0e-13a3a9e97384}","minVersion":"57.0","maxVersion":"57.*"}],"targetPlatforms":[],"multiprocessCompatible":true,"seen":true,"dependencies":[],"hasEmbeddedWebExtension":false,"mpcOptedOut":false,"userPermissions":null,"icons":{},"iconURL":null,"icon64URL":null,"blocklistState":0,"blocklistURL":null}
1511386435696	DeferredSave.extensions.json	DEBUG	Save changes
1511386435696	addons.manager	DEBUG	Registering startup change 'installed' for e10srollout@mozilla.org
1511386435697	addons.xpi	DEBUG	Loading bootstrap scope from C:\Program Files (x86)\Mozilla Firefox\browser\features\e10srollout@mozilla.org.xpi
1511386435704	addons.xpi	DEBUG	Calling bootstrap method install on e10srollout@mozilla.org version 3.05
1511386435705	addons.xpi-utils	DEBUG	Make addon app-system-defaults:e10srollout@mozilla.org visible
1511386435705	addons.xpi	DEBUG	Updating XPIState for {"id":"e10srollout@mozilla.org","syncGUID":"{afa07d4b-27c4-4bd7-bac9-6fd8f8553146}","location":"app-system-defaults","version":"3.05","type":"extension","internalName":null,"updateURL":null,"updateKey":null,"optionsURL":null,"optionsType":null,"aboutURL":null,"defaultLocale":{"name":"Multi-process staged rollout","description":"Staged rollout of Firefox multi-process feature.","creator":null,"homepageURL":null},"visible":true,"active":false,"userDisabled":false,"appDisabled":false,"installDate":1511314999230,"updateDate":1511314999230,"applyBackgroundUpdates":1,"bootstrap":true,"path":"C:\\Program Files (x86)\\Mozilla Firefox\\browser\\features\\e10srollout@mozilla.org.xpi","skinnable":false,"size":13477,"sourceURI":null,"releaseNotesURI":null,"softDisabled":false,"foreignInstall":false,"hasBinaryComponents":false,"strictCompatibility":false,"locales":[],"targetApplications":[{"id":"{ec8030f7-c20a-464f-9b0e-13a3a9e97384}","minVersion":"57.0","maxVersion":"57.*"}],"targetPlatforms":[],"multiprocessCompatible":true,"seen":true,"dependencies":[],"hasEmbeddedWebExtension":false,"mpcOptedOut":false,"userPermissions":null,"icons":{},"iconURL":null,"icon64URL":null,"blocklistState":0,"blocklistURL":null}
1511386435705	DeferredSave.extensions.json	DEBUG	Save changes
1511386435705	addons.manager	DEBUG	Registering startup change 'installed' for firefox@getpocket.com
1511386435706	addons.xpi	DEBUG	Loading bootstrap scope from C:\Program Files (x86)\Mozilla Firefox\browser\features\firefox@getpocket.com.xpi
1511386435709	addons.xpi	DEBUG	Calling bootstrap method install on firefox@getpocket.com version 1.0.5
1511386435710	addons.xpi-utils	DEBUG	Make addon app-system-defaults:firefox@getpocket.com visible
1511386435710	addons.xpi	DEBUG	Updating XPIState for {"id":"firefox@getpocket.com","syncGUID":"{d91a6daa-3d87-4a45-9d4c-866dd2625465}","location":"app-system-defaults","version":"1.0.5","type":"extension","internalName":null,"updateURL":null,"updateKey":null,"optionsURL":null,"optionsType":null,"aboutURL":null,"defaultLocale":{"name":"Pocket","description":"When you find something you want to view later, put it in Pocket.","creator":null,"homepageURL":null},"visible":true,"active":false,"userDisabled":false,"appDisabled":false,"installDate":1511314999230,"updateDate":1511314999230,"applyBackgroundUpdates":1,"bootstrap":true,"path":"C:\\Program Files (x86)\\Mozilla Firefox\\browser\\features\\firefox@getpocket.com.xpi","skinnable":false,"size":914806,"sourceURI":null,"releaseNotesURI":null,"softDisabled":false,"foreignInstall":false,"hasBinaryComponents":false,"strictCompatibility":false,"locales":[],"targetApplications":[{"id":"{ec8030f7-c20a-464f-9b0e-13a3a9e97384}","minVersion":"57.0","maxVersion":"57.*"}],"targetPlatforms":[],"multiprocessCompatible":true,"seen":true,"dependencies":[],"hasEmbeddedWebExtension":false,"mpcOptedOut":false,"userPermissions":null,"icons":{},"iconURL":null,"icon64URL":null,"blocklistState":0,"blocklistURL":null}
1511386435710	DeferredSave.extensions.json	DEBUG	Save changes
1511386435710	addons.manager	DEBUG	Registering startup change 'installed' for followonsearch@mozilla.com
1511386435710	addons.xpi	DEBUG	Loading bootstrap scope from C:\Program Files (x86)\Mozilla Firefox\browser\features\followonsearch@mozilla.com.xpi
1511386435712	addons.xpi	DEBUG	Calling bootstrap method install on followonsearch@mozilla.com version 0.9.6
1511386435712	addons.xpi-utils	DEBUG	Make addon app-system-defaults:followonsearch@mozilla.com visible
1511386435712	addons.xpi	DEBUG	Updating XPIState for {"id":"followonsearch@mozilla.com","syncGUID":"{09f92e34-b477-4c84-b579-2e801fb7f848}","location":"app-system-defaults","version":"0.9.6","type":"extension","internalName":null,"updateURL":null,"updateKey":null,"optionsURL":null,"optionsType":null,"aboutURL":null,"defaultLocale":{"name":"Follow-on Search Telemetry","description":null,"creator":null,"homepageURL":null},"visible":true,"active":false,"userDisabled":false,"appDisabled":false,"installDate":1511314999230,"updateDate":1511314999230,"applyBackgroundUpdates":1,"bootstrap":true,"path":"C:\\Program Files (x86)\\Mozilla Firefox\\browser\\features\\followonsearch@mozilla.com.xpi","skinnable":false,"size":18625,"sourceURI":null,"releaseNotesURI":null,"softDisabled":false,"foreignInstall":false,"hasBinaryComponents":false,"strictCompatibility":false,"locales":[],"targetApplications":[{"id":"{ec8030f7-c20a-464f-9b0e-13a3a9e97384}","minVersion":"52.0","maxVersion":"59.*"}],"targetPlatforms":[],"multiprocessCompatible":true,"seen":true,"dependencies":[],"hasEmbeddedWebExtension":false,"mpcOptedOut":false,"userPermissions":null,"icons":{},"iconURL":null,"icon64URL":null,"blocklistState":0,"blocklistURL":null}
1511386435712	DeferredSave.extensions.json	DEBUG	Save changes
1511386435713	addons.manager	DEBUG	Registering startup change 'installed' for formautofill@mozilla.org
1511386435713	addons.xpi	DEBUG	Loading bootstrap scope from C:\Program Files (x86)\Mozilla Firefox\browser\features\formautofill@mozilla.org.xpi
1511386435714	addons.xpi	DEBUG	Calling bootstrap method install on formautofill@mozilla.org version 1.0
1511386435714	addons.xpi-utils	DEBUG	Make addon app-system-defaults:formautofill@mozilla.org visible
1511386435715	addons.xpi	DEBUG	Updating XPIState for {"id":"formautofill@mozilla.org","syncGUID":"{d1163a0c-c254-4004-87c5-72e594897d5f}","location":"app-system-defaults","version":"1.0","type":"extension","internalName":null,"updateURL":null,"updateKey":null,"optionsURL":null,"optionsType":null,"aboutURL":null,"defaultLocale":{"name":"Form Autofill","description":"Autofill forms with saved profiles","creator":null,"homepageURL":null},"visible":true,"active":false,"userDisabled":false,"appDisabled":false,"installDate":1511314999230,"updateDate":1511314999230,"applyBackgroundUpdates":1,"bootstrap":true,"path":"C:\\Program Files (x86)\\Mozilla Firefox\\browser\\features\\formautofill@mozilla.org.xpi","skinnable":false,"size":380179,"sourceURI":null,"releaseNotesURI":null,"softDisabled":false,"foreignInstall":false,"hasBinaryComponents":false,"strictCompatibility":false,"locales":[],"targetApplications":[{"id":"{ec8030f7-c20a-464f-9b0e-13a3a9e97384}","minVersion":"57.0","maxVersion":"57.*"}],"targetPlatforms":[],"multiprocessCompatible":true,"seen":true,"dependencies":[],"hasEmbeddedWebExtension":false,"mpcOptedOut":false,"userPermissions":null,"icons":{},"iconURL":null,"icon64URL":null,"blocklistState":0,"blocklistURL":null}
1511386435715	DeferredSave.extensions.json	DEBUG	Save changes
1511386435715	addons.manager	DEBUG	Registering startup change 'installed' for onboarding@mozilla.org
1511386435715	addons.xpi	DEBUG	Loading bootstrap scope from C:\Program Files (x86)\Mozilla Firefox\browser\features\onboarding@mozilla.org.xpi
1511386435717	addons.xpi	DEBUG	Calling bootstrap method install on onboarding@mozilla.org version 1.0
1511386435717	addons.xpi-utils	DEBUG	Make addon app-system-defaults:onboarding@mozilla.org visible
1511386435717	addons.xpi	DEBUG	Updating XPIState for {"id":"onboarding@mozilla.org","syncGUID":"{e3b021eb-ad17-403c-b76a-343686df0b48}","location":"app-system-defaults","version":"1.0","type":"extension","internalName":null,"updateURL":null,"updateKey":null,"optionsURL":null,"optionsType":null,"aboutURL":null,"defaultLocale":{"name":"Photon onboarding","description":"Photon onboarding","creator":null,"homepageURL":null},"visible":true,"active":false,"userDisabled":false,"appDisabled":false,"installDate":1511314999215,"updateDate":1511314999215,"applyBackgroundUpdates":1,"bootstrap":true,"path":"C:\\Program Files (x86)\\Mozilla Firefox\\browser\\features\\onboarding@mozilla.org.xpi","skinnable":false,"size":550104,"sourceURI":null,"releaseNotesURI":null,"softDisabled":false,"foreignInstall":false,"hasBinaryComponents":false,"strictCompatibility":false,"locales":[],"targetApplications":[{"id":"{ec8030f7-c20a-464f-9b0e-13a3a9e97384}","minVersion":"57.0","maxVersion":"57.*"}],"targetPlatforms":[],"multiprocessCompatible":true,"seen":true,"dependencies":[],"hasEmbeddedWebExtension":false,"mpcOptedOut":false,"userPermissions":null,"icons":{},"iconURL":null,"icon64URL":null,"blocklistState":0,"blocklistURL":null}
1511386435718	DeferredSave.extensions.json	DEBUG	Save changes
1511386435718	addons.manager	DEBUG	Registering startup change 'installed' for screenshots@mozilla.org
1511386435718	addons.xpi	DEBUG	Loading bootstrap scope from C:\Program Files (x86)\Mozilla Firefox\browser\features\screenshots@mozilla.org.xpi
1511386435720	addons.xpi	DEBUG	Calling bootstrap method install on screenshots@mozilla.org version 19.2.0
1511386435720	addons.xpi-utils	DEBUG	Make addon app-system-defaults:screenshots@mozilla.org visible
1511386435720	addons.xpi	DEBUG	Updating XPIState for {"id":"screenshots@mozilla.org","syncGUID":"{1228c490-27c5-4b1f-8e2e-3715603f6418}","location":"app-system-defaults","version":"19.2.0","type":"extension","internalName":null,"updateURL":null,"updateKey":null,"optionsURL":null,"optionsType":null,"aboutURL":null,"defaultLocale":{"name":"Firefox Screenshots","description":null,"creator":null,"homepageURL":"https://screenshots.firefox.com/"},"visible":true,"active":false,"userDisabled":false,"appDisabled":false,"installDate":1511314999199,"updateDate":1511314999199,"applyBackgroundUpdates":1,"bootstrap":true,"path":"C:\\Program Files (x86)\\Mozilla Firefox\\browser\\features\\screenshots@mozilla.org.xpi","skinnable":false,"size":884473,"sourceURI":null,"releaseNotesURI":null,"softDisabled":false,"foreignInstall":false,"hasBinaryComponents":false,"strictCompatibility":false,"locales":[],"targetApplications":[{"id":"{ec8030f7-c20a-464f-9b0e-13a3a9e97384}","minVersion":"57.0a1","maxVersion":"*"}],"targetPlatforms":[],"multiprocessCompatible":true,"seen":true,"dependencies":[],"hasEmbeddedWebExtension":false,"mpcOptedOut":false,"userPermissions":null,"icons":{},"iconURL":null,"icon64URL":null,"blocklistState":0,"blocklistURL":null}
1511386435720	DeferredSave.extensions.json	DEBUG	Save changes
1511386435720	addons.manager	DEBUG	Registering startup change 'installed' for shield-recipe-client@mozilla.org
1511386435721	addons.xpi	DEBUG	Loading bootstrap scope from C:\Program Files (x86)\Mozilla Firefox\browser\features\shield-recipe-client@mozilla.org.xpi
1511386435724	addons.xpi	DEBUG	Calling bootstrap method install on shield-recipe-client@mozilla.org version 76.1
1511386435724	addons.xpi-utils	DEBUG	Make addon app-system-defaults:shield-recipe-client@mozilla.org visible
1511386435724	addons.xpi	DEBUG	Updating XPIState for {"id":"shield-recipe-client@mozilla.org","syncGUID":"{54ab2329-3839-4c80-974c-4b9a6f794f0a}","location":"app-system-defaults","version":"76.1","type":"extension","internalName":null,"updateURL":null,"updateKey":null,"optionsURL":null,"optionsType":null,"aboutURL":null,"defaultLocale":{"name":"Shield Recipe Client","description":"Client to download and run recipes for SHIELD, Heartbeat, etc.","creator":null,"homepageURL":null},"visible":true,"active":false,"userDisabled":false,"appDisabled":false,"installDate":1511314999199,"updateDate":1511314999199,"applyBackgroundUpdates":1,"bootstrap":true,"path":"C:\\Program Files (x86)\\Mozilla Firefox\\browser\\features\\shield-recipe-client@mozilla.org.xpi","skinnable":false,"size":364000,"sourceURI":null,"releaseNotesURI":null,"softDisabled":false,"foreignInstall":false,"hasBinaryComponents":false,"strictCompatibility":false,"locales":[],"targetApplications":[{"id":"{ec8030f7-c20a-464f-9b0e-13a3a9e97384}","minVersion":"57.0","maxVersion":"57.*"}],"targetPlatforms":[],"multiprocessCompatible":true,"seen":true,"dependencies":[],"hasEmbeddedWebExtension":false,"mpcOptedOut":false,"userPermissions":null,"icons":{},"iconURL":null,"icon64URL":null,"blocklistState":0,"blocklistURL":null}
1511386435725	DeferredSave.extensions.json	DEBUG	Save changes
1511386435725	addons.manager	DEBUG	Registering startup change 'installed' for webcompat@mozilla.org
1511386435725	addons.xpi	DEBUG	Loading bootstrap scope from C:\Program Files (x86)\Mozilla Firefox\browser\features\webcompat@mozilla.org.xpi
1511386435726	addons.xpi	DEBUG	Calling bootstrap method install on webcompat@mozilla.org version 1.1
1511386435727	addons.xpi-utils	DEBUG	Make addon app-system-defaults:webcompat@mozilla.org visible
1511386435727	addons.xpi	DEBUG	Updating XPIState for {"id":"webcompat@mozilla.org","syncGUID":"{f53c57eb-d5ad-454f-adde-feeaf0a06f64}","location":"app-system-defaults","version":"1.1","type":"extension","internalName":null,"updateURL":null,"updateKey":null,"optionsURL":null,"optionsType":null,"aboutURL":null,"defaultLocale":{"name":"Web Compat","description":"Urgent post-release fixes for web compatibility.","creator":null,"homepageURL":null},"visible":true,"active":false,"userDisabled":false,"appDisabled":false,"installDate":1511314999183,"updateDate":1511314999183,"applyBackgroundUpdates":1,"bootstrap":true,"path":"C:\\Program Files (x86)\\Mozilla Firefox\\browser\\features\\webcompat@mozilla.org.xpi","skinnable":false,"size":9266,"sourceURI":null,"releaseNotesURI":null,"softDisabled":false,"foreignInstall":false,"hasBinaryComponents":false,"strictCompatibility":false,"locales":[],"targetApplications":[{"id":"{ec8030f7-c20a-464f-9b0e-13a3a9e97384}","minVersion":"57.0","maxVersion":"57.*"}],"targetPlatforms":[],"multiprocessCompatible":true,"seen":true,"dependencies":[],"hasEmbeddedWebExtension":false,"mpcOptedOut":false,"userPermissions":null,"icons":{},"iconURL":null,"icon64URL":null,"blocklistState":0,"blocklistURL":null}
1511386435727	DeferredSave.extensions.json	DEBUG	Save changes
1511386435727	addons.xpi-utils	DEBUG	Make addon app-global:{972ce4c6-7e08-4474-a285-3208198ce6fd} visible
1511386435728	addons.xpi	DEBUG	Updating XPIState for {"id":"{972ce4c6-7e08-4474-a285-3208198ce6fd}","syncGUID":"{8b1448e4-ff36-4159-a489-1062f10e5681}","location":"app-global","version":"57.0","type":"theme","internalName":"classic/1.0","updateURL":null,"updateKey":null,"optionsURL":null,"optionsType":null,"optionsBrowserStyle":null,"aboutURL":null,"defaultLocale":{"name":"Default","description":"The default theme.","creator":"Mozilla","homepageURL":null,"contributors":["Mozilla Contributors"]},"visible":true,"active":false,"userDisabled":false,"appDisabled":false,"installDate":1511314999433,"updateDate":1511314999433,"applyBackgroundUpdates":1,"path":"C:\\Program Files (x86)\\Mozilla Firefox\\browser\\extensions\\{972ce4c6-7e08-4474-a285-3208198ce6fd}.xpi","skinnable":true,"size":3348,"sourceURI":null,"releaseNotesURI":null,"softDisabled":false,"foreignInstall":false,"hasBinaryComponents":false,"strictCompatibility":true,"locales":[],"targetApplications":[{"id":"{ec8030f7-c20a-464f-9b0e-13a3a9e97384}","minVersion":"57.0","maxVersion":"57.0"}],"targetPlatforms":[],"seen":true,"dependencies":[],"hasEmbeddedWebExtension":false,"userPermissions":null,"icons":{},"iconURL":"chrome://browser/content/default-theme-icon.svg","icon64URL":null,"blocklistState":0,"blocklistURL":null}
1511386435728	DeferredSave.extensions.json	DEBUG	Save changes
1511386435729	addons.xpi	DEBUG	Updating XPIState for {"id":"activity-stream@mozilla.org","syncGUID":"{67efb7dc-5db6-4df2-a4d0-4ccd88e4ec14}","location":"app-system-defaults","version":"2017.11.07.1100-7f4e3634","type":"extension","internalName":null,"updateURL":null,"updateKey":null,"optionsURL":null,"optionsType":null,"aboutURL":null,"defaultLocale":{"name":"Activity Stream","description":"A rich visual history feed and a reimagined home page make it easier than ever to find exactly what you're looking for in Firefox.","creator":null,"homepageURL":null},"visible":true,"active":true,"userDisabled":false,"appDisabled":false,"installDate":1511314999417,"updateDate":1511314999417,"applyBackgroundUpdates":1,"bootstrap":true,"path":"C:\\Program Files (x86)\\Mozilla Firefox\\browser\\features\\activity-stream@mozilla.org.xpi","skinnable":false,"size":1423180,"sourceURI":null,"releaseNotesURI":null,"softDisabled":false,"foreignInstall":false,"hasBinaryComponents":false,"strictCompatibility":false,"locales":[],"targetApplications":[{"id":"{ec8030f7-c20a-464f-9b0e-13a3a9e97384}","minVersion":"57.0","maxVersion":"57.*"}],"targetPlatforms":[],"multiprocessCompatible":true,"seen":true,"dependencies":[],"hasEmbeddedWebExtension":false,"mpcOptedOut":false,"userPermissions":null,"icons":{},"iconURL":null,"icon64URL":null,"blocklistState":0,"blocklistURL":null}
1511386435729	addons.xpi	DEBUG	Updating XPIState for {"id":"aushelper@mozilla.org","syncGUID":"{e210c910-9b0c-4d72-8c39-465a93c224a3}","location":"app-system-defaults","version":"2.0","type":"extension","internalName":null,"updateURL":null,"updateKey":null,"optionsURL":null,"optionsType":null,"aboutURL":null,"defaultLocale":{"name":"Application Update Service Helper","description":"Sets value(s) in the update url based on custom checks.","creator":null,"homepageURL":null},"visible":true,"active":true,"userDisabled":false,"appDisabled":false,"installDate":1511314999246,"updateDate":1511314999246,"applyBackgroundUpdates":1,"bootstrap":true,"path":"C:\\Program Files (x86)\\Mozilla Firefox\\browser\\features\\aushelper@mozilla.org.xpi","skinnable":false,"size":8486,"sourceURI":null,"releaseNotesURI":null,"softDisabled":false,"foreignInstall":false,"hasBinaryComponents":false,"strictCompatibility":false,"locales":[],"targetApplications":[{"id":"{ec8030f7-c20a-464f-9b0e-13a3a9e97384}","minVersion":"57.0","maxVersion":"57.*"}],"targetPlatforms":[],"multiprocessCompatible":true,"seen":true,"dependencies":[],"hasEmbeddedWebExtension":false,"mpcOptedOut":false,"userPermissions":null,"icons":{},"iconURL":null,"icon64URL":null,"blocklistState":0,"blocklistURL":null}
1511386435729	addons.xpi	DEBUG	Updating XPIState for {"id":"e10srollout@mozilla.org","syncGUID":"{afa07d4b-27c4-4bd7-bac9-6fd8f8553146}","location":"app-system-defaults","version":"3.05","type":"extension","internalName":null,"updateURL":null,"updateKey":null,"optionsURL":null,"optionsType":null,"aboutURL":null,"defaultLocale":{"name":"Multi-process staged rollout","description":"Staged rollout of Firefox multi-process feature.","creator":null,"homepageURL":null},"visible":true,"active":true,"userDisabled":false,"appDisabled":false,"installDate":1511314999230,"updateDate":1511314999230,"applyBackgroundUpdates":1,"bootstrap":true,"path":"C:\\Program Files (x86)\\Mozilla Firefox\\browser\\features\\e10srollout@mozilla.org.xpi","skinnable":false,"size":13477,"sourceURI":null,"releaseNotesURI":null,"softDisabled":false,"foreignInstall":false,"hasBinaryComponents":false,"strictCompatibility":false,"locales":[],"targetApplications":[{"id":"{ec8030f7-c20a-464f-9b0e-13a3a9e97384}","minVersion":"57.0","maxVersion":"57.*"}],"targetPlatforms":[],"multiprocessCompatible":true,"seen":true,"dependencies":[],"hasEmbeddedWebExtension":false,"mpcOptedOut":false,"userPermissions":null,"icons":{},"iconURL":null,"icon64URL":null,"blocklistState":0,"blocklistURL":null}
1511386435729	addons.xpi	DEBUG	Updating XPIState for {"id":"firefox@getpocket.com","syncGUID":"{d91a6daa-3d87-4a45-9d4c-866dd2625465}","location":"app-system-defaults","version":"1.0.5","type":"extension","internalName":null,"updateURL":null,"updateKey":null,"optionsURL":null,"optionsType":null,"aboutURL":null,"defaultLocale":{"name":"Pocket","description":"When you find something you want to view later, put it in Pocket.","creator":null,"homepageURL":null},"visible":true,"active":true,"userDisabled":false,"appDisabled":false,"installDate":1511314999230,"updateDate":1511314999230,"applyBackgroundUpdates":1,"bootstrap":true,"path":"C:\\Program Files (x86)\\Mozilla Firefox\\browser\\features\\firefox@getpocket.com.xpi","skinnable":false,"size":914806,"sourceURI":null,"releaseNotesURI":null,"softDisabled":false,"foreignInstall":false,"hasBinaryComponents":false,"strictCompatibility":false,"locales":[],"targetApplications":[{"id":"{ec8030f7-c20a-464f-9b0e-13a3a9e97384}","minVersion":"57.0","maxVersion":"57.*"}],"targetPlatforms":[],"multiprocessCompatible":true,"seen":true,"dependencies":[],"hasEmbeddedWebExtension":false,"mpcOptedOut":false,"userPermissions":null,"icons":{},"iconURL":null,"icon64URL":null,"blocklistState":0,"blocklistURL":null}
1511386435729	addons.xpi	DEBUG	Updating XPIState for {"id":"followonsearch@mozilla.com","syncGUID":"{09f92e34-b477-4c84-b579-2e801fb7f848}","location":"app-system-defaults","version":"0.9.6","type":"extension","internalName":null,"updateURL":null,"updateKey":null,"optionsURL":null,"optionsType":null,"aboutURL":null,"defaultLocale":{"name":"Follow-on Search Telemetry","description":null,"creator":null,"homepageURL":null},"visible":true,"active":true,"userDisabled":false,"appDisabled":false,"installDate":1511314999230,"updateDate":1511314999230,"applyBackgroundUpdates":1,"bootstrap":true,"path":"C:\\Program Files (x86)\\Mozilla Firefox\\browser\\features\\followonsearch@mozilla.com.xpi","skinnable":false,"size":18625,"sourceURI":null,"releaseNotesURI":null,"softDisabled":false,"foreignInstall":false,"hasBinaryComponents":false,"strictCompatibility":false,"locales":[],"targetApplications":[{"id":"{ec8030f7-c20a-464f-9b0e-13a3a9e97384}","minVersion":"52.0","maxVersion":"59.*"}],"targetPlatforms":[],"multiprocessCompatible":true,"seen":true,"dependencies":[],"hasEmbeddedWebExtension":false,"mpcOptedOut":false,"userPermissions":null,"icons":{},"iconURL":null,"icon64URL":null,"blocklistState":0,"blocklistURL":null}
1511386435729	addons.xpi	DEBUG	Updating XPIState for {"id":"formautofill@mozilla.org","syncGUID":"{d1163a0c-c254-4004-87c5-72e594897d5f}","location":"app-system-defaults","version":"1.0","type":"extension","internalName":null,"updateURL":null,"updateKey":null,"optionsURL":null,"optionsType":null,"aboutURL":null,"defaultLocale":{"name":"Form Autofill","description":"Autofill forms with saved profiles","creator":null,"homepageURL":null},"visible":true,"active":true,"userDisabled":false,"appDisabled":false,"installDate":1511314999230,"updateDate":1511314999230,"applyBackgroundUpdates":1,"bootstrap":true,"path":"C:\\Program Files (x86)\\Mozilla Firefox\\browser\\features\\formautofill@mozilla.org.xpi","skinnable":false,"size":380179,"sourceURI":null,"releaseNotesURI":null,"softDisabled":false,"foreignInstall":false,"hasBinaryComponents":false,"strictCompatibility":false,"locales":[],"targetApplications":[{"id":"{ec8030f7-c20a-464f-9b0e-13a3a9e97384}","minVersion":"57.0","maxVersion":"57.*"}],"targetPlatforms":[],"multiprocessCompatible":true,"seen":true,"dependencies":[],"hasEmbeddedWebExtension":false,"mpcOptedOut":false,"userPermissions":null,"icons":{},"iconURL":null,"icon64URL":null,"blocklistState":0,"blocklistURL":null}
1511386435730	addons.xpi	DEBUG	Updating XPIState for {"id":"onboarding@mozilla.org","syncGUID":"{e3b021eb-ad17-403c-b76a-343686df0b48}","location":"app-system-defaults","version":"1.0","type":"extension","internalName":null,"updateURL":null,"updateKey":null,"optionsURL":null,"optionsType":null,"aboutURL":null,"defaultLocale":{"name":"Photon onboarding","description":"Photon onboarding","creator":null,"homepageURL":null},"visible":true,"active":true,"userDisabled":false,"appDisabled":false,"installDate":1511314999215,"updateDate":1511314999215,"applyBackgroundUpdates":1,"bootstrap":true,"path":"C:\\Program Files (x86)\\Mozilla Firefox\\browser\\features\\onboarding@mozilla.org.xpi","skinnable":false,"size":550104,"sourceURI":null,"releaseNotesURI":null,"softDisabled":false,"foreignInstall":false,"hasBinaryComponents":false,"strictCompatibility":false,"locales":[],"targetApplications":[{"id":"{ec8030f7-c20a-464f-9b0e-13a3a9e97384}","minVersion":"57.0","maxVersion":"57.*"}],"targetPlatforms":[],"multiprocessCompatible":true,"seen":true,"dependencies":[],"hasEmbeddedWebExtension":false,"mpcOptedOut":false,"userPermissions":null,"icons":{},"iconURL":null,"icon64URL":null,"blocklistState":0,"blocklistURL":null}
1511386435730	addons.xpi	DEBUG	Updating XPIState for {"id":"screenshots@mozilla.org","syncGUID":"{1228c490-27c5-4b1f-8e2e-3715603f6418}","location":"app-system-defaults","version":"19.2.0","type":"extension","internalName":null,"updateURL":null,"updateKey":null,"optionsURL":null,"optionsType":null,"aboutURL":null,"defaultLocale":{"name":"Firefox Screenshots","description":null,"creator":null,"homepageURL":"https://screenshots.firefox.com/"},"visible":true,"active":true,"userDisabled":false,"appDisabled":false,"installDate":1511314999199,"updateDate":1511314999199,"applyBackgroundUpdates":1,"bootstrap":true,"path":"C:\\Program Files (x86)\\Mozilla Firefox\\browser\\features\\screenshots@mozilla.org.xpi","skinnable":false,"size":884473,"sourceURI":null,"releaseNotesURI":null,"softDisabled":false,"foreignInstall":false,"hasBinaryComponents":false,"strictCompatibility":false,"locales":[],"targetApplications":[{"id":"{ec8030f7-c20a-464f-9b0e-13a3a9e97384}","minVersion":"57.0a1","maxVersion":"*"}],"targetPlatforms":[],"multiprocessCompatible":true,"seen":true,"dependencies":[],"hasEmbeddedWebExtension":false,"mpcOptedOut":false,"userPermissions":null,"icons":{},"iconURL":null,"icon64URL":null,"blocklistState":0,"blocklistURL":null}
1511386435730	addons.xpi	DEBUG	Updating XPIState for {"id":"shield-recipe-client@mozilla.org","syncGUID":"{54ab2329-3839-4c80-974c-4b9a6f794f0a}","location":"app-system-defaults","version":"76.1","type":"extension","internalName":null,"updateURL":null,"updateKey":null,"optionsURL":null,"optionsType":null,"aboutURL":null,"defaultLocale":{"name":"Shield Recipe Client","description":"Client to download and run recipes for SHIELD, Heartbeat, etc.","creator":null,"homepageURL":null},"visible":true,"active":true,"userDisabled":false,"appDisabled":false,"installDate":1511314999199,"updateDate":1511314999199,"applyBackgroundUpdates":1,"bootstrap":true,"path":"C:\\Program Files (x86)\\Mozilla Firefox\\browser\\features\\shield-recipe-client@mozilla.org.xpi","skinnable":false,"size":364000,"sourceURI":null,"releaseNotesURI":null,"softDisabled":false,"foreignInstall":false,"hasBinaryComponents":false,"strictCompatibility":false,"locales":[],"targetApplications":[{"id":"{ec8030f7-c20a-464f-9b0e-13a3a9e97384}","minVersion":"57.0","maxVersion":"57.*"}],"targetPlatforms":[],"multiprocessCompatible":true,"seen":true,"dependencies":[],"hasEmbeddedWebExtension":false,"mpcOptedOut":false,"userPermissions":null,"icons":{},"iconURL":null,"icon64URL":null,"blocklistState":0,"blocklistURL":null}
1511386435730	addons.xpi	DEBUG	Updating XPIState for {"id":"webcompat@mozilla.org","syncGUID":"{f53c57eb-d5ad-454f-adde-feeaf0a06f64}","location":"app-system-defaults","version":"1.1","type":"extension","internalName":null,"updateURL":null,"updateKey":null,"optionsURL":null,"optionsType":null,"aboutURL":null,"defaultLocale":{"name":"Web Compat","description":"Urgent post-release fixes for web compatibility.","creator":null,"homepageURL":null},"visible":true,"active":true,"userDisabled":false,"appDisabled":false,"installDate":1511314999183,"updateDate":1511314999183,"applyBackgroundUpdates":1,"bootstrap":true,"path":"C:\\Program Files (x86)\\Mozilla Firefox\\browser\\features\\webcompat@mozilla.org.xpi","skinnable":false,"size":9266,"sourceURI":null,"releaseNotesURI":null,"softDisabled":false,"foreignInstall":false,"hasBinaryComponents":false,"strictCompatibility":false,"locales":[],"targetApplications":[{"id":"{ec8030f7-c20a-464f-9b0e-13a3a9e97384}","minVersion":"57.0","maxVersion":"57.*"}],"targetPlatforms":[],"multiprocessCompatible":true,"seen":true,"dependencies":[],"hasEmbeddedWebExtension":false,"mpcOptedOut":false,"userPermissions":null,"icons":{},"iconURL":null,"icon64URL":null,"blocklistState":0,"blocklistURL":null}
1511386435730	addons.xpi	DEBUG	Updating XPIState for {"id":"{972ce4c6-7e08-4474-a285-3208198ce6fd}","syncGUID":"{8b1448e4-ff36-4159-a489-1062f10e5681}","location":"app-global","version":"57.0","type":"theme","internalName":"classic/1.0","updateURL":null,"updateKey":null,"optionsURL":null,"optionsType":null,"optionsBrowserStyle":null,"aboutURL":null,"defaultLocale":{"name":"Default","description":"The default theme.","creator":"Mozilla","homepageURL":null,"contributors":["Mozilla Contributors"]},"visible":true,"active":true,"userDisabled":false,"appDisabled":false,"installDate":1511314999433,"updateDate":1511314999433,"applyBackgroundUpdates":1,"path":"C:\\Program Files (x86)\\Mozilla Firefox\\browser\\extensions\\{972ce4c6-7e08-4474-a285-3208198ce6fd}.xpi","skinnable":true,"size":3348,"sourceURI":null,"releaseNotesURI":null,"softDisabled":false,"foreignInstall":false,"hasBinaryComponents":false,"strictCompatibility":true,"locales":[],"targetApplications":[{"id":"{ec8030f7-c20a-464f-9b0e-13a3a9e97384}","minVersion":"57.0","maxVersion":"57.0"}],"targetPlatforms":[],"seen":true,"dependencies":[],"hasEmbeddedWebExtension":false,"userPermissions":null,"icons":{},"iconURL":"chrome://browser/content/default-theme-icon.svg","icon64URL":null,"blocklistState":0,"blocklistURL":null}
1511386435730	DeferredSave.extensions.json	DEBUG	Save changes
1511386435730	addons.xpi	DEBUG	Updating database with changes to installed add-ons
1511386435730	addons.xpi-utils	DEBUG	Updating add-on states
1511386435735	addons.xpi	DEBUG	Registering manifest for C:\Program Files (x86)\Mozilla Firefox\browser\features\activity-stream@mozilla.org.xpi
1511386435735	addons.xpi	DEBUG	Calling bootstrap method startup on activity-stream@mozilla.org version 2017.11.07.1100-7f4e3634
1511386435736	addons.xpi	DEBUG	Registering manifest for C:\Program Files (x86)\Mozilla Firefox\browser\features\aushelper@mozilla.org.xpi
1511386435736	addons.xpi	DEBUG	Calling bootstrap method startup on aushelper@mozilla.org version 2.0
1511386435737	addons.xpi	DEBUG	Registering manifest for C:\Program Files (x86)\Mozilla Firefox\browser\features\e10srollout@mozilla.org.xpi
1511386435738	addons.xpi	DEBUG	Calling bootstrap method startup on e10srollout@mozilla.org version 3.05
1511386435738	addons.xpi	DEBUG	Registering manifest for C:\Program Files (x86)\Mozilla Firefox\browser\features\firefox@getpocket.com.xpi
1511386435738	addons.xpi	DEBUG	Calling bootstrap method startup on firefox@getpocket.com version 1.0.5
1511386435745	addons.xpi	DEBUG	Registering manifest for C:\Program Files (x86)\Mozilla Firefox\browser\features\followonsearch@mozilla.com.xpi
1511386435745	addons.xpi	DEBUG	Calling bootstrap method startup on followonsearch@mozilla.com version 0.9.6
1511386435746	addons.xpi	DEBUG	Registering manifest for C:\Program Files (x86)\Mozilla Firefox\browser\features\formautofill@mozilla.org.xpi
1511386435746	addons.xpi	DEBUG	Calling bootstrap method startup on formautofill@mozilla.org version 1.0
1511386435746	addons.xpi	DEBUG	Registering manifest for C:\Program Files (x86)\Mozilla Firefox\browser\features\onboarding@mozilla.org.xpi
1511386435746	addons.xpi	DEBUG	Calling bootstrap method startup on onboarding@mozilla.org version 1.0
1511386435747	addons.xpi	DEBUG	Registering manifest for C:\Program Files (x86)\Mozilla Firefox\browser\features\screenshots@mozilla.org.xpi
1511386435747	addons.xpi	DEBUG	Calling bootstrap method startup on screenshots@mozilla.org version 19.2.0
1511386435747	addons.xpi	DEBUG	Registering manifest for C:\Program Files (x86)\Mozilla Firefox\browser\features\shield-recipe-client@mozilla.org.xpi
1511386435748	addons.xpi	DEBUG	Calling bootstrap method startup on shield-recipe-client@mozilla.org version 76.1
1511386435753	addons.xpi	DEBUG	Registering manifest for C:\Program Files (x86)\Mozilla Firefox\browser\features\webcompat@mozilla.org.xpi
1511386435753	addons.xpi	DEBUG	Calling bootstrap method startup on webcompat@mozilla.org version 1.1
1511386435755	addons.manager	DEBUG	Registering shutdown blocker for XPIProvider
1511386435755	addons.manager	DEBUG	Provider finished startup: XPIProvider
1511386435755	addons.manager	DEBUG	Starting provider: LightweightThemeManager
1511386435755	addons.manager	DEBUG	Registering shutdown blocker for LightweightThemeManager
1511386435755	addons.manager	DEBUG	Provider finished startup: LightweightThemeManager
1511386435756	addons.manager	DEBUG	Starting provider: GMPProvider
1511386435759	addons.manager	DEBUG	Registering shutdown blocker for GMPProvider
1511386435759	addons.manager	DEBUG	Provider finished startup: GMPProvider
1511386435760	addons.manager	DEBUG	Starting provider: PluginProvider
1511386435760	addons.manager	DEBUG	Registering shutdown blocker for PluginProvider
1511386435760	addons.manager	DEBUG	Provider finished startup: PluginProvider
1511386435760	addons.manager	DEBUG	Completed startup sequence
1511386435839	Marionette	INFO	Enabled via --marionette
1511386435942	addons.manager	DEBUG	Starting provider: PreviousExperimentProvider
1511386435942	addons.manager	DEBUG	Registering shutdown blocker for PreviousExperimentProvider
1511386435942	addons.manager	DEBUG	Provider finished startup: PreviousExperimentProvider
1511386436578	DeferredSave.extensions.json	DEBUG	Starting write
1511386436607	DeferredSave.webext.sc.lz4	DEBUG	Save changes
1511386436608	DeferredSave.webext.sc.lz4	DEBUG	Starting timer
1511386436643	DeferredSave.webext.sc.lz4	DEBUG	Save changes
1511386436669	DeferredSave.webext.sc.lz4	DEBUG	Save changes
1511386436669	DeferredSave.webext.sc.lz4	DEBUG	Save changes
1511386436669	DeferredSave.webext.sc.lz4	DEBUG	Save changes
1511386436670	DeferredSave.webext.sc.lz4	DEBUG	Save changes
1511386436671	DeferredSave.webext.sc.lz4	DEBUG	Save changes
1511386436672	DeferredSave.webext.sc.lz4	DEBUG	Save changes
1511386436673	DeferredSave.webext.sc.lz4	DEBUG	Save changes
1511386436673	DeferredSave.webext.sc.lz4	DEBUG	Save changes
1511386436674	DeferredSave.webext.sc.lz4	DEBUG	Save changes
1511386436675	DeferredSave.webext.sc.lz4	DEBUG	Save changes
1511386436676	DeferredSave.webext.sc.lz4	DEBUG	Save changes
1511386436677	DeferredSave.webext.sc.lz4	DEBUG	Save changes
1511386436678	DeferredSave.webext.sc.lz4	DEBUG	Save changes
1511386436678	DeferredSave.webext.sc.lz4	DEBUG	Save changes
1511386436679	DeferredSave.webext.sc.lz4	DEBUG	Save changes
1511386436680	DeferredSave.webext.sc.lz4	DEBUG	Save changes
1511386436681	DeferredSave.webext.sc.lz4	DEBUG	Save changes
1511386436681	DeferredSave.webext.sc.lz4	DEBUG	Save changes
1511386436682	DeferredSave.webext.sc.lz4	DEBUG	Save changes
1511386436682	DeferredSave.webext.sc.lz4	DEBUG	Save changes
1511386436683	DeferredSave.webext.sc.lz4	DEBUG	Save changes
1511386436684	DeferredSave.webext.sc.lz4	DEBUG	Save changes
1511386436687	DeferredSave.webext.sc.lz4	DEBUG	Save changes
1511386436687	DeferredSave.webext.sc.lz4	DEBUG	Save changes
1511386436688	DeferredSave.webext.sc.lz4	DEBUG	Save changes
1511386436688	DeferredSave.webext.sc.lz4	DEBUG	Save changes
1511386436689	DeferredSave.webext.sc.lz4	DEBUG	Save changes
1511386436689	DeferredSave.webext.sc.lz4	DEBUG	Save changes
1511386436689	DeferredSave.webext.sc.lz4	DEBUG	Save changes
1511386436690	DeferredSave.webext.sc.lz4	DEBUG	Save changes
1511386436691	DeferredSave.webext.sc.lz4	DEBUG	Save changes
1511386436692	DeferredSave.webext.sc.lz4	DEBUG	Save changes
1511386436693	DeferredSave.webext.sc.lz4	DEBUG	Save changes
1511386436693	DeferredSave.webext.sc.lz4	DEBUG	Save changes
1511386436694	DeferredSave.webext.sc.lz4	DEBUG	Save changes
1511386436695	DeferredSave.webext.sc.lz4	DEBUG	Save changes
1511386436696	DeferredSave.webext.sc.lz4	DEBUG	Save changes
1511386436697	DeferredSave.webext.sc.lz4	DEBUG	Save changes
1511386436699	DeferredSave.webext.sc.lz4	DEBUG	Save changes
1511386436699	DeferredSave.webext.sc.lz4	DEBUG	Save changes
1511386436700	DeferredSave.webext.sc.lz4	DEBUG	Save changes
1511386436702	DeferredSave.webext.sc.lz4	DEBUG	Save changes
1511386436703	DeferredSave.webext.sc.lz4	DEBUG	Save changes
1511386436704	DeferredSave.webext.sc.lz4	DEBUG	Save changes
1511386436705	DeferredSave.webext.sc.lz4	DEBUG	Save changes
1511386436705	DeferredSave.webext.sc.lz4	DEBUG	Save changes
1511386436706	DeferredSave.webext.sc.lz4	DEBUG	Save changes
1511386436708	DeferredSave.webext.sc.lz4	DEBUG	Save changes
1511386436708	DeferredSave.webext.sc.lz4	DEBUG	Save changes
1511386436711	DeferredSave.webext.sc.lz4	DEBUG	Save changes
1511386436712	DeferredSave.extensions.json	DEBUG	Write succeeded
1511386436712	addons.xpi-utils	DEBUG	XPI Database saved, setting schema version preference to 23
1511386436714	DeferredSave.webext.sc.lz4	DEBUG	Save changes
1511386436743	DeferredSave.webext.sc.lz4	DEBUG	Save changes
1511386436744	DeferredSave.webext.sc.lz4	DEBUG	Save changes
1511386436850	addons.xpi	INFO	Mapping activity-stream@mozilla.org to C:\Program Files (x86)\Mozilla Firefox\browser\features\activity-stream@mozilla.org.xpi
1511386436850	addons.xpi	INFO	Mapping aushelper@mozilla.org to C:\Program Files (x86)\Mozilla Firefox\browser\features\aushelper@mozilla.org.xpi
1511386436850	addons.xpi	INFO	Mapping e10srollout@mozilla.org to C:\Program Files (x86)\Mozilla Firefox\browser\features\e10srollout@mozilla.org.xpi
1511386436850	addons.xpi	INFO	Mapping firefox@getpocket.com to C:\Program Files (x86)\Mozilla Firefox\browser\features\firefox@getpocket.com.xpi
1511386436850	addons.xpi	INFO	Mapping followonsearch@mozilla.com to C:\Program Files (x86)\Mozilla Firefox\browser\features\followonsearch@mozilla.com.xpi
1511386436850	addons.xpi	INFO	Mapping formautofill@mozilla.org to C:\Program Files (x86)\Mozilla Firefox\browser\features\formautofill@mozilla.org.xpi
1511386436850	addons.xpi	INFO	Mapping onboarding@mozilla.org to C:\Program Files (x86)\Mozilla Firefox\browser\features\onboarding@mozilla.org.xpi
1511386436850	addons.xpi	INFO	Mapping screenshots@mozilla.org to C:\Program Files (x86)\Mozilla Firefox\browser\features\screenshots@mozilla.org.xpi
1511386436850	addons.xpi	INFO	Mapping shield-recipe-client@mozilla.org to C:\Program Files (x86)\Mozilla Firefox\browser\features\shield-recipe-client@mozilla.org.xpi
1511386436850	addons.xpi	INFO	Mapping webcompat@mozilla.org to C:\Program Files (x86)\Mozilla Firefox\browser\features\webcompat@mozilla.org.xpi
1511386436851	addons.xpi	DEBUG	Existing add-on activity-stream@mozilla.org in app-system-defaults
1511386436851	addons.xpi	DEBUG	Existing add-on aushelper@mozilla.org in app-system-defaults
1511386436851	addons.xpi	DEBUG	Existing add-on e10srollout@mozilla.org in app-system-defaults
1511386436851	addons.xpi	DEBUG	Existing add-on firefox@getpocket.com in app-system-defaults
1511386436852	addons.xpi	DEBUG	Existing add-on followonsearch@mozilla.com in app-system-defaults
1511386436852	addons.xpi	DEBUG	Existing add-on formautofill@mozilla.org in app-system-defaults
1511386436852	addons.xpi	DEBUG	Existing add-on onboarding@mozilla.org in app-system-defaults
1511386436852	addons.xpi	DEBUG	Existing add-on screenshots@mozilla.org in app-system-defaults
1511386436852	addons.xpi	DEBUG	Existing add-on shield-recipe-client@mozilla.org in app-system-defaults
1511386436853	addons.xpi	DEBUG	Existing add-on webcompat@mozilla.org in app-system-defaults
1511386436853	addons.xpi	INFO	Mapping {972ce4c6-7e08-4474-a285-3208198ce6fd} to C:\Program Files (x86)\Mozilla Firefox\browser\extensions\{972ce4c6-7e08-4474-a285-3208198ce6fd}.xpi
1511386436854	addons.xpi	DEBUG	Existing add-on {972ce4c6-7e08-4474-a285-3208198ce6fd} in app-global
1511386436854	addons.xpi	DEBUG	getInstallState changed: false, state: {}
1511386437064	Marionette	INFO	Listening on port 51369
1511386437436	Marionette	WARN	TLS certificate errors will be ignored for this session
1511386437493	Marionette	DEBUG	Register listener.js for window 4294967297
1511386437516	Marionette	DEBUG	Received DOM event "beforeunload" for "about:blank"
1511386437519	Marionette	DEBUG	Received DOM event "pagehide" for "about:blank"
1511386437519	Marionette	DEBUG	Received DOM event "unload" for "about:blank"
1511386437524	Marionette	DEBUG	Received DOM event "DOMContentLoaded" for "about:blank"
1511386437525	Marionette	DEBUG	Received DOM event "pageshow" for "about:blank"
1511386441059	addons.xpi	DEBUG	Calling bootstrap method shutdown on webcompat@mozilla.org version 1.1
1511386441060	addons.xpi	DEBUG	Calling bootstrap method shutdown on shield-recipe-client@mozilla.org version 76.1
1511386441061	addons.xpi	DEBUG	Calling bootstrap method shutdown on screenshots@mozilla.org version 19.2.0
1511386441065	addons.xpi	DEBUG	Calling bootstrap method shutdown on onboarding@mozilla.org version 1.0
1511386441065	addons.xpi	DEBUG	Calling bootstrap method shutdown on formautofill@mozilla.org version 1.0
1511386441066	addons.xpi	DEBUG	Calling bootstrap method shutdown on followonsearch@mozilla.com version 0.9.6
1511386441066	addons.xpi	DEBUG	Calling bootstrap method shutdown on firefox@getpocket.com version 1.0.5
1511386441066	addons.xpi	DEBUG	Calling bootstrap method shutdown on e10srollout@mozilla.org version 3.05
1511386441066	addons.xpi	DEBUG	Calling bootstrap method shutdown on aushelper@mozilla.org version 2.0
1511386441067	addons.xpi	DEBUG	Calling bootstrap method shutdown on activity-stream@mozilla.org version 2017.11.07.1100-7f4e3634
utdown on firefox@getpocket.com version 1.0.5
1511386433279	addons.xpi	DEBUG	Calling bootstrap method shutdown on e10srollout@mozilla.org version 3.05
1511386433279	addons.xpi	DEBUG	Calling bootstrap method shutdown on aushelper@mozilla.org version 2.0
1511386433280	addons.xpi	DEBUG	Calling bootstrap method shutdown on activity-stream@mozilla.org version 2017.11.07.1100-7f4e3634
417928	Marionette	DEBUG	Received observer notification "outer-window-destroyed" for "4294967323"
1511386417929	Marionette	DEBUG	Received observer notification "outer-window-destroyed" for "4294967310"
1511386417929	Marionette	DEBUG	Received observer notification "outer-window-destroyed" for "4294967305"
1511386417929	Marionette	DEBUG	Received observer notification "outer-window-destroyed" for "4294967325"
1511386418448	Marionette	DEBUG	Received DOM event "DOMContentLoaded" for "https://www.amazon.com/s/ref=nb_sb_noss/147-7946525-6725836?url=search-alias%3Daps&field-keywords=Ferrari+458"
1511386420212	Marionette	DEBUG	Received DOM event "pageshow" for "https://www.amazon.com/s/ref=nb_sb_noss/147-7946525-6725836?url=search-alias%3Daps&field-keywords=Ferrari+458"
1511386420373	Marionette	DEBUG	Received DOM event "beforeunload" for "https://www.amazon.com/s/ref=nb_sb_noss/147-7946525-6725836?url=search-alias%3Daps&field-keywords=Ferrari+458"
1511386420654	Marionette	DEBUG	Received DOM event "pagehide" for "https://www.amazon.com/s/ref=nb_sb_noss/147-7946525-6725836?url=search-alias%3Daps&field-keywords=Ferrari+458"
1511386420656	Marionette	DEBUG	Received DOM event "unload" for "https://www.amazon.com/s/ref=nb_sb_noss/147-7946525-6725836?url=search-alias%3Daps&field-keywords=Ferrari+458"
1511386420882	Marionette	DEBUG	Received observer notification "outer-window-destroyed" for "4294967353"
1511386420883	Marionette	DEBUG	Received observer notification "outer-window-destroyed" for "4294967337"
1511386420883	Marionette	DEBUG	Received observer notification "outer-window-destroyed" for "4294967328"
1511386420884	Marionette	DEBUG	Received observer notification "outer-window-destroyed" for "4294967331"
1511386420884	Marionette	DEBUG	Received observer notification "outer-window-destroyed" for "4294967342"
1511386420884	Marionette	DEBUG	Received observer notification "outer-window-destroyed" for "4294967344"
1511386420885	Marionette	DEBUG	Received observer notification "outer-window-destroyed" for "4294967348"
1511386420885	Marionette	DEBUG	Received observer notification "outer-window-destroyed" for "4294967339"
1511386420885	Marionette	DEBUG	Received observer notification "outer-window-destroyed" for "4294967351"
1511386420886	Marionette	DEBUG	Received observer notification "outer-window-destroyed" for "4294967335"
1511386420886	Marionette	DEBUG	Received observer notification "outer-window-destroyed" for "4294967330"
1511386420887	Marionette	DEBUG	Received observer notification "outer-window-destroyed" for "4294967359"
1511386420887	Marionette	DEBUG	Received observer notification "outer-window-destroyed" for "4294967357"
1511386422110	Marionette	DEBUG	Received DOM event "DOMContentLoaded" for "https://www.amazon.com/TouchUpDirect-Ferrari-Exact-Match-Automotive-Touch-Up/dp/B00HUXSZHK/ref=sr_1_1_sspa?ie=UTF8&qid=1511386416&sr=8-1-spons&keywords=Ferrari+458&psc=1"
1511386423687	Marionette	DEBUG	Received DOM event "pageshow" for "https://www.amazon.com/TouchUpDirect-Ferrari-Exact-Match-Automotive-Touch-Up/dp/B00HUXSZHK/ref=sr_1_1_sspa?ie=UTF8&qid=1511386416&sr=8-1-spons&keywords=Ferrari+458&psc=1"
1511386423888	Marionette	DEBUG	Received DOM event "beforeunload" for "https://www.amazon.com/TouchUpDirect-Ferrari-Exact-Match-Automotive-Touch-Up/dp/B00HUXSZHK/ref=sr_1_1_sspa?ie=UTF8&qid=1511386416&sr=8-1-spons&keywords=Ferrari+458&psc=1"
1511386424165	Marionette	DEBUG	Received DOM event "pagehide" for "https://www.amazon.com/TouchUpDirect-Ferrari-Exact-Match-Automotive-Touch-Up/dp/B00HUXSZHK/ref=sr_1_1_sspa?ie=UTF8&qid=1511386416&sr=8-1-spons&keywords=Ferrari+458&psc=1"
1511386424170	Marionette	DEBUG	Received DOM event "unload" for "https://www.amazon.com/TouchUpDirect-Ferrari-Exact-Match-Automotive-Touch-Up/dp/B00HUXSZHK/ref=sr_1_1_sspa?ie=UTF8&qid=1511386416&sr=8-1-spons&keywords=Ferrari+458&psc=1"
1511386424272	Marionette	DEBUG	Received observer notification "outer-window-destroyed" for "4294967370"
1511386424273	Marionette	DEBUG	Received observer notification "outer-window-destroyed" for "4294967368"
1511386424273	Marionette	DEBUG	Received observer notification "outer-window-destroyed" for "4294967366"
1511386424273	Marionette	DEBUG	Received observer notification "outer-window-destroyed" for "4294967362"
1511386424273	Marionette	DEBUG	Received observer notification "outer-window-destroyed" for "4294967365"
1511386424274	Marionette	DEBUG	Received observer notification "outer-window-destroyed" for "4294967381"
1511386424274	Marionette	DEBUG	Received observer notification "outer-window-destroyed" for "4294967383"
1511386424275	Marionette	DEBUG	Received observer notification "outer-window-destroyed" for "4294967386"
1511386424275	Marionette	DEBUG	Received observer notification "outer-window-destroyed" for "4294967378"
1511386424275	Marionette	DEBUG	Received observer notification "outer-window-destroyed" for "4294967389"
1511386424275	Marionette	DEBUG	Received observer notification "outer-window-destroyed" for "4294967376"
1511386424276	Marionette	DEBUG	Received observer notification "outer-window-destroyed" for "4294967364"
1511386424276	Marionette	DEBUG	Received observer notification "outer-window-destroyed" for "4294967372"
1511386424276	Marionette	DEBUG	Received observer notification "outer-window-destroyed" for "4294967393"
1511386424276	Marionette	DEBUG	Received observer notification "outer-window-destroyed" for "4294967391"
1511386424956	Marionette	DEBUG	Received DOM event "DOMContentLoaded" for "https://www.amazon.com/gp/product/handle-buy-box/ref=dp_start-bbf_1_glance"
1511386425091	Marionette	DEBUG	Received DOM event "pageshow" for "https://www.amazon.com/gp/huc/view.html?ie=UTF8&newItems=C4b02217f-c65c-4d48-bb03-111ecd4cb41d%2C1"
1511386425359	addons.xpi	DEBUG	Calling bootstrap method shutdown on webcompat@mozilla.org version 1.1
1511386425360	addons.xpi	DEBUG	Calling bootstrap method shutdown on shield-recipe-client@mozilla.org version 76.1
1511386425361	addons.xpi	DEBUG	Calling bootstrap method shutdown on screenshots@mozilla.org version 19.2.0
1511386425364	addons.xpi	DEBUG	Calling bootstrap method shutdown on onboarding@mozilla.org version 1.0
1511386425365	addons.xpi	DEBUG	Calling bootstrap method shutdown on formautofill@mozilla.org version 1.0
1511386425365	addons.xpi	DEBUG	Calling bootstrap method shutdown on followonsearch@mozilla.com version 0.9.6
1511386425366	addons.xpi	DEBUG	Calling bootstrap method shutdown on firefox@getpocket.com version 1.0.5
1511386425366	addons.xpi	DEBUG	Calling bootstrap method shutdown on e10srollout@mozilla.org version 3.05
1511386425366	addons.xpi	DEBUG	Calling bootstrap method shutdown on aushelper@mozilla.org version 2.0
1511386425367	addons.xpi	DEBUG	Calling bootstrap method shutdown on activity-stream@mozilla.org version 2017.11.07.1100-7f4e3634
